Hotel #1:
121
449

Hotel #2:
940
542
233

Hotel #3:
7765
7854
6641
6542

Hotel #4:
1
1

Hotel #5:
111
111
111

Hotel #6:
111
102
124

Hotel #7:
02468
13579

Hotel #8:
0013456789
0123456899

Hotel #9:
333393333

Hotel #10:
0
0
0
2
5
7
5
4
2

Hotel #11:
752

Hotel #12:
146

Hotel #13:
7953495135
4633065345
5977684147
1698850347
2367655759
2445247516
4556314468
6444223598
3245414366
1355657556

Hotel #14:
5444253445
5445495556
7514142346
6648344158
6414049686
2135235452
0265044343
3259675042
6425667695
7743446774

Hotel #15:
999999999
999999999
999999999
999999999
999999999
999999999
999999999
999999999
999999999

Hotel #16:
444444444
444444444
444444444
444444444
444444444
444444444
444444444
444444444
444444444

Hotel #17:
6666655533
5676644713
5547630436
4444434422
4444425832
3345446702
2334347543
2222122294
1011123466
1011024456

Hotel #18:
4898844511
4306003832
5113113431
9615933432
4308514543
2000346743
1484456532
4704467830
6669193521
7799564300

Hotel #19:
000000000
001111100
011222110
012343210
012494210
012343210
011222110
001111100
000000000

